<?xml version="1.0" encoding="UTF-8"?>
<testsuite xmlns:xsi="http://www.w3.org/2001/XMLSchema-instance" xsi:noNamespaceSchemaLocation="https://maven.apache.org/surefire/maven-surefire-plugin/xsd/surefire-test-report-3.0.xsd" version="3.0" name="com.example.demo.DemoApplicationTests" time="12.408" tests="7" errors="0" skipped="0" failures="0">
  <properties>
[...]
</properties>
  <testcase name="contextLoads2" classname="com.example.demo.DemoApplicationTests" time="0.667">
    <system-out><![CDATA[14:26:57.477 [main] INFO org.springframework.test.context.support.AnnotationConfigContextLoaderUtils -- Could not detect default configuration classes for test class [com.example.demo.DemoApplicationTests]: DemoApplicationTests does not declare any static, non-private, non-final, nested classes annotated with @Configuration.
14:26:57.910 [main] INFO org.springframework.boot.test.context.SpringBootTestContextBootstrapper -- Found @SpringBootConfiguration com.example.demo.DemoApplication for test class com.example.demo.DemoApplicationTests
14:26:58.249 [main] INFO org.springframework.boot.devtools.restart.RestartApplicationListener -- Restart disabled due to context in which it is running

  .   ____          _            __ _ _
 /\\ / ___'_ __ _ _(_)_ __  __ _ \ \ \ \
( ( )\___ | '_ | '_| | '_ \/ _` | \ \ \ \
 \\/  ___)| |_)| | | | | || (_| |  ) ) ) )
  '  |____| .__|_| |_|_| |_\__, | / / / /
 =========|_|==============|___/=/_/_/_/
 :: Spring Boot ::                (v3.2.3)

2024-04-16T14:26:58.693+03:00  INFO 920 --- [           main] com.example.demo.DemoApplicationTests    : Starting DemoApplicationTests using Java 20.0.2 with PID 920 (started by Kaki in C:\Users\Kaki\Documents\GitHub\BackendkevatBookstore\Bookstore\demo)
2024-04-16T14:26:58.696+03:00  INFO 920 --- [           main] com.example.demo.DemoApplicationTests    : No active profile set, falling back to 1 default profile: "default"
2024-04-16T14:27:00.602+03:00  INFO 920 --- [           main] .s.d.r.c.RepositoryConfigurationDelegate : Bootstrapping Spring Data JPA repositories in DEFAULT mode.
2024-04-16T14:27:00.685+03:00  INFO 920 --- [           main] .s.d.r.c.RepositoryConfigurationDelegate : Finished Spring Data repository scanning in 71 ms. Found 3 JPA repository interfaces.
2024-04-16T14:27:01.874+03:00  INFO 920 --- [           main] com.zaxxer.hikari.HikariDataSource       : HikariPool-1 - Starting...
2024-04-16T14:27:02.209+03:00  INFO 920 --- [           main] com.zaxxer.hikari.pool.HikariPool        : HikariPool-1 - Added connection conn0: url=jdbc:h2:mem:testdb user=SA
2024-04-16T14:27:02.211+03:00  INFO 920 --- [           main] com.zaxxer.hikari.HikariDataSource       : HikariPool-1 - Start completed.
2024-04-16T14:27:02.299+03:00  INFO 920 --- [           main] o.hibernate.jpa.internal.util.LogHelper  : HHH000204: Processing PersistenceUnitInfo [name: default]
2024-04-16T14:27:02.429+03:00  INFO 920 --- [           main] org.hibernate.Version                    : HHH000412: Hibernate ORM core version 6.4.4.Final
2024-04-16T14:27:02.491+03:00  INFO 920 --- [           main] o.h.c.internal.RegionFactoryInitiator    : HHH000026: Second-level cache disabled
2024-04-16T14:27:02.934+03:00  INFO 920 --- [           main] o.s.o.j.p.SpringPersistenceUnitInfo      : No LoadTimeWeaver setup: ignoring JPA class transformer
2024-04-16T14:27:04.404+03:00  INFO 920 --- [           main] o.h.e.t.j.p.i.JtaPlatformInitiator       : HHH000489: No JTA platform available (set 'hibernate.transaction.jta.platform' to enable JTA platform integration)
Hibernate: drop table if exists book cascade 
Hibernate: drop table if exists category cascade 
Hibernate: drop table if exists users cascade 
Hibernate: drop sequence if exists book_seq
Hibernate: drop sequence if exists category_seq
Hibernate: create sequence book_seq start with 1 increment by 50
Hibernate: create sequence category_seq start with 1 increment by 50
Hibernate: create table book (price integer not null, publishing_year integer, category_id bigint, id bigint not null, author varchar(255), isbn varchar(255), title varchar(255), primary key (id))
Hibernate: create table category (category_id bigint not null, name varchar(255), primary key (category_id))
Hibernate: create table users (id bigint generated by default as identity, password varchar(255) not null, role varchar(255) not null, username varchar(255) not null unique, primary key (id))
Hibernate: alter table if exists book add constraint FKam9riv8y6rjwkua1gapdfew4j foreign key (category_id) references category
2024-04-16T14:27:04.471+03:00  INFO 920 --- [           main] j.LocalContainerEntityManagerFactoryBean : Initialized JPA EntityManagerFactory for persistence unit 'default'
2024-04-16T14:27:05.643+03:00  WARN 920 --- [           main] JpaBaseConfiguration$JpaWebConfiguration : spring.jpa.open-in-view is enabled by default. Therefore, database queries may be performed during view rendering. Explicitly configure spring.jpa.open-in-view to disable this warning
2024-04-16T14:27:06.971+03:00  INFO 920 --- [           main] o.s.b.a.e.web.EndpointLinksResolver      : Exposing 1 endpoint(s) beneath base path '/actuator'
2024-04-16T14:27:07.202+03:00  INFO 920 --- [           main] o.s.s.web.DefaultSecurityFilterChain     : Will secure any request with [org.springframework.security.web.session.DisableEncodeUrlFilter@786d8b3b, org.springframework.security.web.context.request.async.WebAsyncManagerIntegrationFilter@42000298, org.springframework.security.web.context.SecurityContextHolderFilter@5de15ce1, org.springframework.security.web.header.HeaderWriterFilter@7e00a43e, org.springframework.web.filter.CorsFilter@4df9df06, org.springframework.security.web.csrf.CsrfFilter@16745ba7, org.springframework.security.web.authentication.logout.LogoutFilter@cede70a, org.springframework.security.web.authentication.UsernamePasswordAuthenticationFilter@3453cf27, org.springframework.security.web.authentication.ui.DefaultLoginPageGeneratingFilter@35f59dfe, org.springframework.security.web.authentication.ui.DefaultLogoutPageGeneratingFilter@6e87556f, org.springframework.security.web.savedrequest.RequestCacheAwareFilter@4c1f4817, org.springframework.security.web.servletapi.SecurityContextHolderAwareRequestFilter@11034fdb, org.springframework.security.web.authentication.AnonymousAuthenticationFilter@7a273fd7, org.springframework.security.web.access.ExceptionTranslationFilter@eb1d7c8, org.springframework.security.web.access.intercept.AuthorizationFilter@6ca6cc1c]
2024-04-16T14:27:08.139+03:00  INFO 920 --- [           main] o.s.b.a.h2.H2ConsoleAutoConfiguration    : H2 console available at '/h2-console'. Database available at 'jdbc:h2:mem:testdb'
2024-04-16T14:27:08.377+03:00  INFO 920 --- [           main] com.example.demo.DemoApplicationTests    : Started DemoApplicationTests in 10.151 seconds (process running for 12.072)
Hibernate: select next value for category_seq
Hibernate: insert into category (name,category_id) values (?,?)
Hibernate: select next value for category_seq
Hibernate: insert into category (name,category_id) values (?,?)
Hibernate: insert into category (name,category_id) values (?,?)
Hibernate: insert into category (name,category_id) values (?,?)
Hibernate: select next value for book_seq
Hibernate: insert into book (author,category_id,isbn,price,title,publishing_year,id) values (?,?,?,?,?,?,?)
Hibernate: select next value for book_seq
Hibernate: insert into book (author,category_id,isbn,price,title,publishing_year,id) values (?,?,?,?,?,?,?)
Hibernate: insert into users (password,role,username,id) values (?,?,?,default)
Hibernate: insert into users (password,role,username,id) values (?,?,?,default)
]]></system-out>
  </testcase>
  <testcase name="contextLoads3" classname="com.example.demo.DemoApplicationTests" time="0.006"/>
  <testcase name="createNewBook" classname="com.example.demo.DemoApplicationTests" time="0.011">
    <system-out><![CDATA[Hibernate: insert into book (author,category_id,isbn,price,title,publishing_year,id) values (?,?,?,?,?,?,?)
]]></system-out>
  </testcase>
  <testcase name="createNewUser" classname="com.example.demo.DemoApplicationTests" time="0.006">
    <system-out><![CDATA[Hibernate: insert into users (password,role,username,id) values (?,?,?,default)
]]></system-out>
  </testcase>
  <testcase name="contextLoads" classname="com.example.demo.DemoApplicationTests" time="0.008"/>
  <testcase name="findByAuthorShouldReturnBook" classname="com.example.demo.DemoApplicationTests" time="0.226">
    <system-out><![CDATA[Hibernate: select b1_0.id,b1_0.author,b1_0.category_id,b1_0.isbn,b1_0.price,b1_0.title,b1_0.publishing_year from book b1_0 where b1_0.author=?
Hibernate: select c1_0.category_id,c1_0.name from category c1_0 where c1_0.category_id=?
]]></system-out>
  </testcase>
  <testcase name="doesCategoryExistById" classname="com.example.demo.DemoApplicationTests" time="0.036">
    <system-out><![CDATA[Hibernate: select c1_0.category_id,c1_0.name from category c1_0 where c1_0.category_id=?
]]></system-out>
  </testcase>
</testsuite>